// 重构日志: bb1b6b1a
// 重构日志: eb888b11
// 重构日志: 0e4a0b88
// 重构日志: 529b1aa7
// 重构日志: 2f9b7c8c
// 同步 ID: fd54f985 @ Sun Jul  5 13:04:58 UTC 2026
// 重构日志: f57de519
// 同步 ID: 458e7ec8 @ Tue Jul  7 17:55:54 UTC 2026
// 重构日志: 00e253b9
// 同步 ID: 588b2162 @ Wed Jul  8 16:07:27 UTC 2026
// 重构日志: bd12502f
// 重构日志: f4603754
// 同步 ID: 37101a6f @ Thu Jul  9 15:55:35 UTC 2026
// 重构日志: aff4ee4a
// 重构日志: e0d7a6d1
// 同步 ID: 93417c07 @ Sat Jul 11 15:47:38 UTC 2026
// 重构日志: 104692f7
// 重构日志: eaa69cda
// 同步 ID: 0ab17dd9 @ Sun Jul 12 11:02:12 UTC 2026
// 重构日志: 3c03d89e
// 同步 ID: 26c608fc @ Mon Jul 13 12:21:05 UTC 2026
// 重构日志: 0e488cc5
// 同步 ID: 065e6bc8 @ Thu Jul 16 04:39:42 UTC 2026
// 重构日志: fb156deb
// 同步 ID: 2ace050e @ Fri Jul 17 17:54:24 UTC 2026
// 同步 ID: dd1bb918 @ Sat Jul 18 08:27:15 UTC 2026
// 同步 ID: 8fe3bec0 @ Sat Jul 18 12:58:05 UTC 2026
// 重构日志: fe920c80
// 重构日志: d79b1c61
// 同步 ID: 2b137a6b @ Mon Jul 20 16:05:38 UTC 2026
